#
# There is insufficient memory for the Java Runtime Environment to continue.
# Native memory allocation (malloc) failed to allocate 32784 bytes for Chunk::new
# Possible reasons:
#   The system is out of physical RAM or swap space
#   In 32 bit mode, the process size limit was hit
# Possible solutions:
#   Reduce memory load on the system
#   Increase physical memory or swap space
#   Check if swap backing store is full
#   Use 64 bit Java on a 64 bit OS
#   Decrease Java heap size (-Xmx/-Xms)
#   Decrease number of Java threads
#   Decrease Java thread stack sizes (-Xss)
#   Set larger code cache with -XX:ReservedCodeCacheSize=
# This output file may be truncated or incomplete.
#
#  Out of Memory Error (allocation.cpp:390), pid=9292, tid=9112
#
# JRE version: Java(TM) SE Runtime Environment (8.0_66-b18) (build 1.8.0_66-b18)
# Java VM: Java HotSpot(TM) 64-Bit Server VM (25.66-b18 mixed mode windows-amd64 compressed oops)
# Failed to write core dump. Minidumps are not enabled by default on client versions of Windows
#

---------------  T H R E A D  ---------------

Current thread (0x00000000551ec000):  JavaThread "C2 CompilerThread1" daemon [_thread_in_native, id=9112, stack(0x0000000056c70000,0x0000000056d70000)]

Stack: [0x0000000056c70000,0x0000000056d70000]
[error occurred during error reporting (printing stack bounds), id 0xc0000005]

Native frames: (J=compiled Java code, j=interpreted, Vv=VM code, C=native code)


Current CompileTask:
C2:    731  433       4       java.util.TreeMap::put (247 bytes)


---------------  P R O C E S S  ---------------

Java Threads: ( => current thread )
  0x00000000567ec000 JavaThread "pool-2-thread-4" [_thread_in_Java, id=5880, stack(0x0000000056b30000,0x0000000056c30000)]
  0x00000000567e7000 JavaThread "pool-2-thread-3" [_thread_blocked, id=10044, stack(0x00000000578c0000,0x00000000579c0000)]
  0x00000000567e6000 JavaThread "pool-2-thread-2" [_thread_blocked, id=5732, stack(0x0000000057720000,0x0000000057820000)]
  0x00000000567e0000 JavaThread "pool-3-thread-1" [_thread_blocked, id=5724, stack(0x0000000057540000,0x0000000057640000)]
  0x00000000567df800 JavaThread "pool-2-thread-1" [_thread_in_Java, id=8620, stack(0x00000000572e0000,0x00000000573e0000)]
  0x0000000056671800 JavaThread "Service Thread" daemon [_thread_blocked, id=9964, stack(0x0000000056f90000,0x0000000057090000)]
  0x00000000551ed800 JavaThread "C1 CompilerThread2" daemon [_thread_in_native, id=6792, stack(0x0000000056e60000,0x0000000056f60000)]
=>0x00000000551ec000 JavaThread "C2 CompilerThread1" daemon [_thread_in_native, id=9112, stack(0x0000000056c70000,0x0000000056d70000)]
  0x00000000565e7000 JavaThread "C2 CompilerThread0" daemon [_thread_in_native, id=10116, stack(0x0000000056270000,0x0000000056370000)]
  0x00000000565da800 JavaThread "Attach Listener" daemon [_thread_blocked, id=5396, stack(0x0000000055fd0000,0x00000000560d0000)]
  0x00000000551de000 JavaThread "Signal Dispatcher" daemon [_thread_blocked, id=7612, stack(0x00000000569f0000,0x0000000056af0000)]
  0x0000000055187000 JavaThread "Finalizer" daemon [_thread_blocked, id=7664, stack(0x00000000564d0000,0x00000000565d0000)]
  0x0000000055180000 JavaThread "Reference Handler" daemon [_thread_blocked, id=9536, stack(0x0000000056390000,0x0000000056490000)]
  0x000000000258e800 JavaThread "main" [_thread_in_Java, id=9312, stack(0x0000000002630000,0x0000000002730000)]

Other Threads:
  0x000000005517a800 VMThread [stack: 0x00000000560f0000,0x00000000561f0000] [id=2692]
  0x00000000566ac000 WatcherThread [stack: 0x0000000057110000,0x0000000057210000] [id=9004]

VM state:not at safepoint (normal execution)

VM Mutex/Monitor currently owned by a thread: None

Heap:
 PSYoungGen      total 38400K, used 19594K [0x00000000eab00000, 0x00000000ed580000, 0x0000000100000000)
  eden space 33280K, 58% used [0x00000000eab00000,0x00000000ebe22a30,0x00000000ecb80000)
  from space 5120K, 0% used [0x00000000ed080000,0x00000000ed080000,0x00000000ed580000)
  to   space 5120K, 0% used [0x00000000ecb80000,0x00000000ecb80000,0x00000000ed080000)
 ParOldGen       total 87552K, used 0K [0x00000000c0000000, 0x00000000c5580000, 0x00000000eab00000)
  object space 87552K, 0% used [0x00000000c0000000,0x00000000c0000000,0x00000000c5580000)
 Metaspace       used 5414K, capacity 6576K, committed 6784K, reserved 1056768K
  class space    used 577K, capacity 616K, committed 640K, reserved 1048576K

Card table byte_map: [0x0000000011b80000,0x0000000011d90000] byte_map_base: 0x0000000011580000

Marking Bits: (ParMarkBitMap*) 0x000000007014a5b0
 Begin Bits: [0x00000000125f0000, 0x00000000135f0000)
 End Bits:   [0x00000000135f0000, 0x00000000145f0000)

Polling page: 0x0000000000460000

CodeCache: size=245760Kb used=2038Kb max_used=2038Kb free=243721Kb
 bounds [0x00000000027c0000, 0x0000000002a30000, 0x00000000117c0000]
 total_blobs=708 nmethods=444 adapters=177
 compilation: enabled

Compilation events (10 events):
Event: 0.692 Thread 0x00000000551ed800 nmethod 449 0x00000000029bd1d0 code [0x00000000029bd320, 0x00000000029bd510]
Event: 0.692 Thread 0x00000000551ed800  446       3       java.util.Vector::elementData (7 bytes)
Event: 0.692 Thread 0x00000000551ed800 nmethod 446 0x00000000029bd590 code [0x00000000029bd6e0, 0x00000000029bd850]
Event: 0.692 Thread 0x00000000551ed800  448       3       com.android.dx.util.Bits::set (19 bytes)
Event: 0.692 Thread 0x00000000551ed800 nmethod 448 0x00000000029bd950 code [0x00000000029bdaa0, 0x00000000029bdc10]
Event: 0.692 Thread 0x00000000551ed800  450       3       com.android.dx.cf.code.ByteOps::opInfo (6 bytes)
Event: 0.692 Thread 0x00000000551ed800 nmethod 450 0x00000000029bdd10 code [0x00000000029bde60, 0x00000000029bdfb0]
Event: 0.692 Thread 0x00000000551ed800  452       3       com.android.dx.util.Bits::findFirst (61 bytes)
Event: 0.693 Thread 0x00000000551ed800 nmethod 452 0x00000000029be090 code [0x00000000029be220, 0x00000000029be5c8]
Event: 0.693 Thread 0x00000000551ed800  451   !   3       com.android.dx.cf.code.BytecodeArray::parseInstruction (2764 bytes)

GC Heap History (0 events):
No events

Deoptimization events (3 events):
Event: 0.701 Thread 0x00000000567df800 Uncommon trap: reason=unstable_if action=reinterpret pc=0x000000000297b790 method=com.android.dx.rop.cst.CstFieldRef.compareTo0(Lcom/android/dx/rop/cst/Constant;)I @ 7
Event: 0.703 Thread 0x000000000258e800 Uncommon trap: reason=unstable_if action=reinterpret pc=0x00000000029b987c method=java.lang.String.<init>([CII)V @ 18
Event: 0.704 Thread 0x000000000258e800 Uncommon trap: reason=unstable_if action=reinterpret pc=0x00000000029b6790 method=java.lang.String.<init>([CII)V @ 18

Internal exceptions (2 events):
Event: 0.054 Thread 0x000000000258e800 Exception <a 'java/lang/NoSuchMethodError': Method sun.misc.Unsafe.defineClass(Ljava/lang/String;[BII)Ljava/lang/Class; name or signature does not match> (0x00000000eab13070) thrown at [C:\re\workspace\8-2-build-windows-amd64-cygwin\jdk8u66\5298\hotspot\srHŸCZÅ«?
Event: 0.054 Thread 0x000000000258e800 Exception <a 'java/lang/NoSuchMethodError': Method sun.misc.Unsafe.prefetchRead(Ljava/lang/Object;J)V name or signature does not match> (0x00000000eab13358) thrown at [C:\re\workspace\8-2-build-windows-amd64-cygwin\jdk8u66\5298\hotspot\src\share\vm\prims\j

Events (10 events):
Event: 0.703 Thread 0x000000000258e800 DEOPT UNPACKING pc=0x000000000280582a sp=0x000000000272e280 mode 2
Event: 0.703 loading class com/android/dx/cf/attrib/AttLocalVariableTypeTable
Event: 0.703 loading class com/android/dx/cf/attrib/AttLocalVariableTypeTable done
Event: 0.703 loading class com/android/dx/cf/attrib/RawAttribute
Event: 0.703 loading class com/android/dx/cf/attrib/RawAttribute done
Event: 0.704 Thread 0x000000000258e800 Uncommon trap: trap_request=0xffffff65 fr.pc=0x00000000029b6790
Event: 0.704 Thread 0x000000000258e800 DEOPT PACKING pc=0x00000000029b6790 sp=0x000000000272e290
Event: 0.704 Thread 0x000000000258e800 DEOPT UNPACKING pc=0x000000000280582a sp=0x000000000272e278 mode 2
Event: 0.706 loading class com/android/dx/cf/code/Ropper$ExceptionHandlerSetup
Event: 0.706 loading class com/android/dx/cf/code/Ropper$ExceptionHandlerSetup done


Dynamic libraries:
0x000000013fb40000 - 0x000000013fb77000 	D:\jdkjava\jdk1.8.0_31\bin\java.exe
0x0000000076fb0000 - 0x000000007715a000 	C:\Windows\SYSTEM32\ntdll.dll
0x0000000076870000 - 0x000000007698f000 	C:\Windows\system32\kernel32.dll
0x000007fefd2a0000 - 0x000007fefd30a000 	C:\Windows\system32\KERNELBASE.dll
0x000007fefdc50000 - 0x000007fefdd2b000 	C:\Windows\system32\ADVAPI32.dll
0x000007feff1c0000 - 0x000007feff25f000 	C:\Windows\system32\msvcrt.dll
0x000007fefeac0000 - 0x000007fefeadf000 	C:\Windows\SYSTEM32\sechost.dll
0x000007fefd8f0000 - 0x000007fefda1d000 	C:\Windows\system32\RPCRT4.dll
0x0000000076770000 - 0x000000007686a000 	C:\Windows\system32\USER32.dll
0x000007fefec80000 - 0x000007fefece7000 	C:\Windows\system32\GDI32.dll
0x000007fefeeb0000 - 0x000007fefeebe000 	C:\Windows\system32\LPK.dll
0x000007fefda20000 - 0x000007fefdaea000 	C:\Windows\system32\USP10.dll
0x000007fefba30000 - 0x000007fefbc24000 	C:\Windows\WinSxS\amd64_microsoft.windows.common-controls_6595b64144ccf1df_6.0.7601.18837_none_fa3b1e3d17594757\COMCTL32.dll
0x000007fefec00000 - 0x000007fefec71000 	C:\Windows\system32\SHLWAPI.dll
0x000007fefee80000 - 0x000007fefeeae000 	C:\Windows\system32\IMM32.DLL
0x000007fefdaf0000 - 0x000007fefdbf9000 	C:\Windows\system32\MSCTF.dll
0x00000000624e0000 - 0x00000000625b2000 	D:\jdkjava\jdk1.8.0_31\jre\bin\msvcr100.dll
0x000000006f940000 - 0x00000000701c9000 	D:\jdkjava\jdk1.8.0_31\jre\bin\server\jvm.dll
0x000007fef7230000 - 0x000007fef7239000 	C:\Windows\system32\WSOCK32.dll
0x000007fefdc00000 - 0x000007fefdc4d000 	C:\Windows\system32\WS2_32.dll
0x000007fefd8e0000 - 0x000007fefd8e8000 	C:\Windows\system32\NSI.dll
0x000007fefd470000 - 0x000007fefd4ab000 	C:\Windows\system32\WINMM.dll
0x000007fefc320000 - 0x000007fefc32c000 	C:\Windows\system32\VERSION.dll
0x0000000077180000 - 0x0000000077187000 	C:\Windows\system32\PSAPI.DLL
0x0000000071bf0000 - 0x0000000071bff000 	D:\jdkjava\jdk1.8.0_31\jre\bin\verify.dll
0x0000000071bc0000 - 0x0000000071be9000 	D:\jdkjava\jdk1.8.0_31\jre\bin\java.dll
0x0000000071ba0000 - 0x0000000071bb6000 	D:\jdkjava\jdk1.8.0_31\jre\bin\zip.dll
0x000007fefdd30000 - 0x000007fefeab9000 	C:\Windows\system32\SHELL32.dll
0x000007fefefc0000 - 0x000007feff1bc000 	C:\Windows\system32\ole32.dll
0x000007fefd1f0000 - 0x000007fefd1ff000 	C:\Windows\system32\profapi.dll

VM Arguments:
jvm_args: -Djava.awt.headless=true -Xmx1024M -Dfile.encoding=GBK -Duser.country=CN -Duser.language=zh -Duser.variant 
java_command: com.android.dx.command.Main --dex --num-threads=4 --multi-dex --output E:\zdh\as_workspace\Tnzbsq2\app\build\intermediates\transforms\dex\debug\folders\1000\1\debug_b3a315d68b5b98e43b74c4e078d60f79cd8552a6 E:\zdh\as_workspace\Tnzbsq2\app\build\intermediates\classes\debug
java_class_path (initial): E:\Android\sdk\build-tools\25.0.2\lib\dx.jar
Launcher Type: SUN_STANDARD

Environment Variables:
JAVA_HOME=D:\jdkjava\jdk1.8.0_31
CLASSPATH=.;D:\jdkjava\jdk1.8.0_31\lib\tools.jar;D:\jdkjava\jdk1.8.0_31\lib\dt.jar
PATH=D:\jdkjava\jdk1.8.0_31\bin;C:\Python27\Scripts;C:\Python27;E:\Android\sdk\platform-tools;C:\Program Files (x86)\Git\cmd;D:\sdk\platform-tools;C:\ProgramData\Oracle\Java\javapath;D:\jdkjava\jdk1.8.0_31\bin;C:\Program Files (x86)\NVIDIA Corporation\PhysX\Common;C:\Windows\system32;C:\Windows;C:\Windows\System32\Wbem;C:\Windows\System32\WindowsPowerShell\v1.0\;C:\Program Files (x86)\Common Files\microsoft shared\TigerKin;C:\Program Files (x86)\Git\cmd;D:\Program Files\nodejs\;C:\Program Files\TortoiseSVN\bin;C:\Program Files\PuTTY\;C:\Users\admin\AppData\Roaming\npm;C:\Program Files (x86)\SSH Communications Security\SSH Secure Shell
USERNAME=admin
OS=Windows_NT
PROCESSOR_IDENTIFIER=Intel64 Family 6 Model 60 Stepping 3, GenuineIntel



---------------  S Y S T E M  ---------------

OS: Windows 7 , 64 bit Build 7601 (6.1.7601.23796)

CPU:total 4 (4 cores per cpu, 1 threads per core) family 6 model 60 stepping 3, cmov, cx8, fxsr, mmx, sse, sse2, sse3, ssse3, sse4.1, sse4.2, popcnt, avx, avx2, aes, clmul, erms, rtm, lzcnt, tsc, tscinvbit, bmi1, bmi2

Memory: 4k page, physical 8286452k(786544k free), swap 9333168k(9916k free)

vm_info: Java HotSpot(TM) 64-Bit Server VM (25.66-b18) for windows-amd64 JRE (1.8.0_66-b18), built on Nov  9 2015 10:51:13 by "java_re" with MS VC++ 10.0 (VS2010)

time: Thu Aug 24 15:33:38 2017
elapsed time: 0 seconds (0d 0h 0m 0s)

